
test-dy：     文件格式 elf64-x86-64

节：
Idx Name          Size      VMA               LMA               File off  Algn
  0 .interp       0000001c  0000000000000318  0000000000000318  00000318  2**0
                  CONTENTS, ALLOC, LOAD, READONLY, DATA
  1 .note.gnu.property 00000030  0000000000000338  0000000000000338  00000338  2**3
                  CONTENTS, ALLOC, LOAD, READONLY, DATA
  2 .note.gnu.build-id 00000024  0000000000000368  0000000000000368  00000368  2**2
                  CONTENTS, ALLOC, LOAD, READONLY, DATA
  3 .note.ABI-tag 00000020  000000000000038c  000000000000038c  0000038c  2**2
                  CONTENTS, ALLOC, LOAD, READONLY, DATA
  4 .gnu.hash     00000024  00000000000003b0  00000000000003b0  000003b0  2**3
                  CONTENTS, ALLOC, LOAD, READONLY, DATA
  5 .dynsym       000000d8  00000000000003d8  00000000000003d8  000003d8  2**3
                  CONTENTS, ALLOC, LOAD, READONLY, DATA
  6 .dynstr       000000ad  00000000000004b0  00000000000004b0  000004b0  2**0
                  CONTENTS, ALLOC, LOAD, READONLY, DATA
  7 .gnu.version  00000012  000000000000055e  000000000000055e  0000055e  2**1
                  CONTENTS, ALLOC, LOAD, READONLY, DATA
  8 .gnu.version_r 00000040  0000000000000570  0000000000000570  00000570  2**3
                  CONTENTS, ALLOC, LOAD, READONLY, DATA
  9 .rela.dyn     000000c0  00000000000005b0  00000000000005b0  000005b0  2**3
                  CONTENTS, ALLOC, LOAD, READONLY, DATA
 10 .rela.plt     00000048  0000000000000670  0000000000000670  00000670  2**3
                  CONTENTS, ALLOC, LOAD, READONLY, DATA
 11 .init         0000001b  0000000000001000  0000000000001000  00001000  2**2
                  CONTENTS, ALLOC, LOAD, READONLY, CODE
 12 .plt          00000040  0000000000001020  0000000000001020  00001020  2**4
                  CONTENTS, ALLOC, LOAD, READONLY, CODE
 13 .plt.got      00000010  0000000000001060  0000000000001060  00001060  2**4
                  CONTENTS, ALLOC, LOAD, READONLY, CODE
 14 .plt.sec      00000030  0000000000001070  0000000000001070  00001070  2**4
                  CONTENTS, ALLOC, LOAD, READONLY, CODE
 15 .text         00000219  00000000000010a0  00000000000010a0  000010a0  2**4
                  CONTENTS, ALLOC, LOAD, READONLY, CODE
 16 .fini         0000000d  00000000000012bc  00000000000012bc  000012bc  2**2
                  CONTENTS, ALLOC, LOAD, READONLY, CODE
 17 .rodata       00000080  0000000000002000  0000000000002000  00002000  2**3
                  CONTENTS, ALLOC, LOAD, READONLY, DATA
 18 .eh_frame_hdr 0000003c  0000000000002080  0000000000002080  00002080  2**2
                  CONTENTS, ALLOC, LOAD, READONLY, DATA
 19 .eh_frame     000000cc  00000000000020c0  00000000000020c0  000020c0  2**3
                  CONTENTS, ALLOC, LOAD, READONLY, DATA
 20 .init_array   00000008  0000000000003da8  0000000000003da8  00002da8  2**3
                  CONTENTS, ALLOC, LOAD, DATA
 21 .fini_array   00000008  0000000000003db0  0000000000003db0  00002db0  2**3
                  CONTENTS, ALLOC, LOAD, DATA
 22 .dynamic      000001f0  0000000000003db8  0000000000003db8  00002db8  2**3
                  CONTENTS, ALLOC, LOAD, DATA
 23 .got          00000058  0000000000003fa8  0000000000003fa8  00002fa8  2**3
                  CONTENTS, ALLOC, LOAD, DATA
 24 .data         00000018  0000000000004000  0000000000004000  00003000  2**3
                  CONTENTS, ALLOC, LOAD, DATA
 25 .bss          00000008  0000000000004018  0000000000004018  00003018  2**0
                  ALLOC
 26 .comment      0000002b  0000000000000000  0000000000000000  00003018  2**0
                  CONTENTS, READONLY
