
test-st：     文件格式 elf64-x86-64

节：
Idx Name          Size      VMA               LMA               File off  Algn
  0 .note.gnu.property 00000030  0000000000400270  0000000000400270  00000270  2**3
                  CONTENTS, ALLOC, LOAD, READONLY, DATA
  1 .note.gnu.build-id 00000024  00000000004002a0  00000000004002a0  000002a0  2**2
                  CONTENTS, ALLOC, LOAD, READONLY, DATA
  2 .note.ABI-tag 00000020  00000000004002c4  00000000004002c4  000002c4  2**2
                  CONTENTS, ALLOC, LOAD, READONLY, DATA
  3 .rela.plt     00000258  00000000004002e8  00000000004002e8  000002e8  2**3
                  CONTENTS, ALLOC, LOAD, READONLY, DATA
  4 .init         0000001b  0000000000401000  0000000000401000  00001000  2**2
                  CONTENTS, ALLOC, LOAD, READONLY, CODE
  5 .plt          00000190  0000000000401020  0000000000401020  00001020  2**4
                  CONTENTS, ALLOC, LOAD, READONLY, CODE
  6 .text         000b35d8  00000000004011c0  00000000004011c0  000011c0  2**6
                  CONTENTS, ALLOC, LOAD, READONLY, CODE
  7 __libc_freeres_fn 000014cd  00000000004b47a0  00000000004b47a0  000b47a0  2**4
                  CONTENTS, ALLOC, LOAD, READONLY, CODE
  8 .fini         0000000d  00000000004b5c70  00000000004b5c70  000b5c70  2**2
                  CONTENTS, ALLOC, LOAD, READONLY, CODE
  9 .rodata       0001d86c  00000000004b6000  00000000004b6000  000b6000  2**5
                  CONTENTS, ALLOC, LOAD, READONLY, DATA
 10 .stapsdt.base 00000001  00000000004d386c  00000000004d386c  000d386c  2**0
                  CONTENTS, ALLOC, LOAD, READONLY, DATA
 11 .eh_frame     0000c380  00000000004d3870  00000000004d3870  000d3870  2**3
                  CONTENTS, ALLOC, LOAD, READONLY, DATA
 12 .gcc_except_table 00000124  00000000004dfbf0  00000000004dfbf0  000dfbf0  2**0
                  CONTENTS, ALLOC, LOAD, READONLY, DATA
 13 .tdata        00000020  00000000004e17b0  00000000004e17b0  000e07b0  2**3
                  CONTENTS, ALLOC, LOAD, DATA, THREAD_LOCAL
 14 .tbss         00000048  00000000004e17d0  00000000004e17d0  000e07d0  2**3
                  ALLOC, THREAD_LOCAL
 15 .init_array   00000008  00000000004e17d0  00000000004e17d0  000e07d0  2**3
                  CONTENTS, ALLOC, LOAD, DATA
 16 .fini_array   00000008  00000000004e17d8  00000000004e17d8  000e07d8  2**3
                  CONTENTS, ALLOC, LOAD, DATA
 17 .data.rel.ro  00003788  00000000004e17e0  00000000004e17e0  000e07e0  2**5
                  CONTENTS, ALLOC, LOAD, DATA
 18 .got          00000098  00000000004e4f68  00000000004e4f68  000e3f68  2**3
                  CONTENTS, ALLOC, LOAD, DATA
 19 .got.plt      000000e0  00000000004e5000  00000000004e5000  000e4000  2**3
                  CONTENTS, ALLOC, LOAD, DATA
 20 .data         000019e0  00000000004e50e0  00000000004e50e0  000e40e0  2**5
                  CONTENTS, ALLOC, LOAD, DATA
 21 __libc_subfreeres 00000048  00000000004e6ac0  00000000004e6ac0  000e5ac0  2**3
                  CONTENTS, ALLOC, LOAD, DATA
 22 __libc_IO_vtables 00000768  00000000004e6b20  00000000004e6b20  000e5b20  2**5
                  CONTENTS, ALLOC, LOAD, DATA
 23 __libc_atexit 00000008  00000000004e7288  00000000004e7288  000e6288  2**3
                  CONTENTS, ALLOC, LOAD, DATA
 24 .bss          00005980  00000000004e72a0  00000000004e72a0  000e6290  2**5
                  ALLOC
 25 __libc_freeres_ptrs 00000020  00000000004ecc20  00000000004ecc20  000e6290  2**3
                  ALLOC
 26 .comment      0000002b  0000000000000000  0000000000000000  000e6290  2**0
                  CONTENTS, READONLY
 27 .note.stapsdt 00001648  0000000000000000  0000000000000000  000e62bc  2**2
                  CONTENTS, READONLY
